Jan 13 06:59:51 kali sudo[3544]: pam_unix(sudo:session): session closed for user root
Jan 13 06:59:51 kali systemd-timesyncd[387]: Timed out waiting for reply from 17.253.18.131:123 (2.debian.pool.ntp.org).
Jan 13 06:59:56 kali systemd-timesyncd[387]: Contacted time server 103.82.208.166:123 (2.debian.pool.ntp.org).
Jan 13 07:00:04 kali kernel: e1000 0000:02:01.0 eth0: left promiscuous mode
Jan 13 07:01:22 kali systemd[1]: Starting fstrim.service - Discard unused blocks on filesystems from /etc/fstab...
Jan 13 07:01:22 kali systemd[1]: fstrim.service: Deactivated successfully.
Jan 13 07:01:22 kali systemd[1]: Finished fstrim.service - Discard unused blocks on filesystems from /etc/fstab.
Jan 13 07:01:48 kali dbus-daemon[535]: [system] Activating via systemd: service name='org.freedesktop.hostname1' unit='dbus-org.freedesktop.hostname1.service' requested by ':1.68' (uid=1000 pid=3102 comm="wireshark" label="unconfined")
Jan 13 07:01:48 kali systemd[1]: Starting systemd-hostnamed.service - Hostname Service...
Jan 13 07:01:48 kali systemd[1]: Started systemd-hostnamed.service - Hostname Service.
Jan 13 07:01:48 kali dbus-daemon[535]: [system] Successfully activated service 'org.freedesktop.hostname1'
Jan 13 07:01:48 kali dbus-daemon[535]: [system] Activating via systemd: service name='org.freedesktop.Avahi' unit='dbus-org.freedesktop.Avahi.service' requested by ':1.71' (uid=1000 pid=4859 comm="/usr/libexec/gvfsd-dnssd --spawner :1.25 /org/gtk/" label="unconfined")
Jan 13 07:01:48 kali dbus-daemon[535]: [system] Activation via systemd failed for unit 'dbus-org.freedesktop.Avahi.service': Unit dbus-org.freedesktop.Avahi.service not found.
Jan 13 07:01:48 kali gvfsd-wsdd[4865]: Failed to spawn the wsdd daemon: Failed to execute child process “wsdd” (No such file or directory)
Jan 13 07:01:48 kali gvfsd-network[4841]: Couldn't create directory monitor on wsdd:///. Error: Automount failed: Failed to spawn the underlying wsdd daemon.
Jan 13 07:02:12 kali systemd[1]: plocate-updatedb.service - Update the plocate database was skipped because of an unmet condition check (ConditionACPower=true).
Jan 13 07:02:21 kali systemd[1]: systemd-hostnamed.service: Deactivated successfully.
Jan 13 07:03:30 kali systemd[1150]: tumblerd.service: Consumed 2.187s CPU time over 7min 36.927s wall clock time, 129.4M memory peak.
Jan 13 07:05:04 kali CRON[6355]: pam_unix(cron:session): session opened for user root(uid=0) by root(uid=0)
Jan 13 07:05:04 kali CRON[6357]: (root) CMD (command -v debian-sa1 > /dev/null && debian-sa1 1 1)
Jan 13 07:05:04 kali CRON[6355]: pam_unix(cron:session): session closed for user root
Jan 13 07:06:46 kali systemd[1]: man-db.service - Daily man-db regeneration was skipped because of an unmet condition check (ConditionACPower=true).
Jan 13 07:07:56 kali sudo[7678]:     kali : TTY=pts/0 ; PWD=/home/kali ; USER=root ; COMMAND=/usr/bin/journalctl
Jan 13 07:07:56 kali sudo[7678]: pam_unix(sudo:session): session opened for user root(uid=0) by kali(uid=1000)
Jan 13 07:07:57 kali sudo[7678]: pam_unix(sudo:session): session closed for user root
Jan 13 07:09:01 kali systemd[1]: Starting phpsessionclean.service - Clean php session files...
Jan 13 07:09:04 kali systemd[1]: phpsessionclean.service: Deactivated successfully.
Jan 13 07:09:04 kali systemd[1]: Finished phpsessionclean.service - Clean php session files.
Jan 13 07:09:05 kali CRON[8276]: pam_unix(cron:session): session opened for user root(uid=0) by root(uid=0)
Jan 13 07:09:05 kali CRON[8278]: (root) CMD (  [ -x /usr/lib/php/sessionclean ] && if [ ! -d /run/systemd/system ]; then /usr/lib/php/sessionclean; fi)
Jan 13 07:09:05 kali CRON[8276]: pam_unix(cron:session): session closed for user root
Jan 13 07:09:36 kali sudo[8575]:     kali : TTY=pts/0 ; PWD=/home/kali ; USER=root ; COMMAND=/usr/bin/journalctl --since '10 minutes ago'
Jan 13 07:09:36 kali sudo[8575]: pam_unix(sudo:session): session opened for user root(uid=0) by kali(uid=1000)
