Jan 08 02:45:04 kali CRON[2792]: pam_unix(cron:session): session opened for user root(uid=0) by root(uid=0)
Jan 08 02:45:04 kali CRON[2799]: (root) CMD (command -v debian-sa1 > /dev/null && debian-sa1 1 1)
Jan 08 02:45:04 kali CRON[2792]: pam_unix(cron:session): session closed for user root
Jan 08 02:45:55 kali systemd[1]: plocate-updatedb.service - Update the plocate database was skipped because of an unmet condition check (ConditionACPower=true).
Jan 08 02:48:51 kali kernel: e1000 0000:02:01.0 eth0: left promiscuous mode
Jan 08 02:49:10 kali systemd[1136]: tumblerd.service: Consumed 1.336s CPU time over 5min 54.625s wall clock time, 129.2M memory peak.
Jan 08 02:49:16 kali systemd[1]: apt-daily.service - Daily apt download activities was skipped because of an unmet condition check (ConditionACPower=true).
Jan 08 02:49:50 kali systemd[1]: logrotate.service - Rotate log files was skipped because of an unmet condition check (ConditionACPower=true).
Jan 08 02:50:57 kali systemd[1]: man-db.service - Daily man-db regeneration was skipped because of an unmet condition check (ConditionACPower=true).
Jan 08 02:53:39 kali dbus-daemon[534]: [system] Activating via systemd: service name='org.freedesktop.hostname1' unit='dbus-org.freedesktop.hostname1.service' requested by ':1.68' (uid=1000 pid=2152 comm="wireshark" label="unconfined")
Jan 08 02:53:39 kali systemd[1]: Starting systemd-hostnamed.service - Hostname Service...
Jan 08 02:53:39 kali dbus-daemon[534]: [system] Activating via systemd: service name='org.freedesktop.Avahi' unit='dbus-org.freedesktop.Avahi.service' requested by ':1.70' (uid=1000 pid=6814 comm="/usr/libexec/gvfsd-dnssd --spawner :1.25 /org/gtk/" label="unconfined")
Jan 08 02:53:39 kali dbus-daemon[534]: [system] Activation via systemd failed for unit 'dbus-org.freedesktop.Avahi.service': Unit dbus-org.freedesktop.Avahi.service not found.
Jan 08 02:53:39 kali systemd[1]: Started systemd-hostnamed.service - Hostname Service.
Jan 08 02:53:39 kali dbus-daemon[534]: [system] Successfully activated service 'org.freedesktop.hostname1'
Jan 08 02:53:39 kali gvfsd-wsdd[6820]: Failed to spawn the wsdd daemon: Failed to execute child process “wsdd” (No such file or directory)
Jan 08 02:53:39 kali gvfsd-network[6804]: Couldn't create directory monitor on wsdd:///. Error: Automount failed: Failed to spawn the underlying wsdd daemon.
Jan 08 02:54:10 kali systemd[1]: systemd-hostnamed.service: Deactivated successfully.
Jan 08 02:54:27 kali dbus-daemon[534]: [system] rejected attempt to call AddMatch by connection :1.72 (uid=1000 pid=7208 comm="/usr/bin/dumpcap --log-level MESSAGE --application" label="unconfined") with uid 1000
Jan 08 02:54:27 kali dbus-daemon[534]: [system] rejected attempt to call AddMatch by connection :1.72 (uid=1000 pid=7208 comm="/usr/bin/dumpcap --log-level MESSAGE --application" label="unconfined") with uid 1000
Jan 08 02:54:27 kali dbus-daemon[534]: [system] rejected attempt to call AddMatch by connection :1.72 (uid=1000 pid=7208 comm="/usr/bin/dumpcap --log-level MESSAGE --application" label="unconfined") with uid 1000
Jan 08 02:54:27 kali dbus-daemon[534]: [system] rejected attempt to call AddMatch by connection :1.72 (uid=1000 pid=7208 comm="/usr/bin/dumpcap --log-level MESSAGE --application" label="unconfined") with uid 1000
Jan 08 02:54:39 kali kernel: e1000 0000:02:01.0 eth0: entered promiscuous mode
Jan 08 02:55:03 kali CRON[7526]: pam_unix(cron:session): session opened for user root(uid=0) by root(uid=0)
Jan 08 02:55:03 kali CRON[7528]: (root) CMD (command -v debian-sa1 > /dev/null && debian-sa1 1 1)
Jan 08 02:55:03 kali CRON[7526]: pam_unix(cron:session): session closed for user root
Jan 08 02:58:08 kali systemd[1]: Starting systemd-tmpfiles-clean.service - Cleanup of Temporary Directories...
Jan 08 02:58:08 kali systemd-tmpfiles[9059]: /usr/lib/tmpfiles.d/legacy.conf:14: Duplicate line for path "/run/lock", ignoring.
Jan 08 02:58:08 kali systemd[1]: systemd-tmpfiles-clean.service: Deactivated successfully.
Jan 08 02:58:08 kali systemd[1]: Finished systemd-tmpfiles-clean.service - Cleanup of Temporary Directories.
Jan 08 02:58:13 kali NetworkManager[637]: <info>  [1767859093.7779] dhcp4 (eth0): state changed new lease, address=192.168.15.129
Jan 08 02:58:13 kali dbus-daemon[534]: [system] Activating via systemd: service name='org.freedesktop.nm_dispatcher' unit='dbus-org.freedesktop.nm-dispatcher.service' requested by ':1.6' (uid=0 pid=637 comm="/usr/sbin/NetworkManager --no-daemon" label="unconfined")
Jan 08 02:58:13 kali systemd[1]: Starting NetworkManager-dispatcher.service - Network Manager Script Dispatcher Service...
Jan 08 02:58:13 kali dbus-daemon[534]: [system] Successfully activated service 'org.freedesktop.nm_dispatcher'
Jan 08 02:58:13 kali systemd[1]: Started NetworkManager-dispatcher.service - Network Manager Script Dispatcher Service.
Jan 08 02:58:22 kali kernel: e1000 0000:02:01.0 eth0: left promiscuous mode
Jan 08 02:58:23 kali systemd[1]: NetworkManager-dispatcher.service: Deactivated successfully.
Jan 08 02:59:37 kali dbus-daemon[534]: [system] Activating via systemd: service name='org.freedesktop.hostname1' unit='dbus-org.freedesktop.hostname1.service' requested by ':1.68' (uid=1000 pid=2152 comm="wireshark" label="unconfined")
Jan 08 02:59:37 kali systemd[1]: Starting systemd-hostnamed.service - Hostname Service...
Jan 08 02:59:37 kali systemd[1]: Started systemd-hostnamed.service - Hostname Service.
Jan 08 02:59:37 kali dbus-daemon[534]: [system] Successfully activated service 'org.freedesktop.hostname1'
Jan 08 02:59:39 kali dbus-daemon[1158]: [session uid=1000 pid=1158 pidfd=5] Activating via systemd: service name='org.xfce.Xfconf' unit='xfconfd.service' requested by ':1.40' (uid=1000 pid=1408 comm="/usr/lib/x86_64-linux-gnu/xfce4/notifyd/xfce4-noti" label="unconfined")
Jan 08 02:59:39 kali systemd[1136]: Starting xfconfd.service - Xfce configuration service...
Jan 08 02:59:39 kali dbus-daemon[1158]: [session uid=1000 pid=1158 pidfd=5] Successfully activated service 'org.xfce.Xfconf'
Jan 08 02:59:39 kali systemd[1136]: Started xfconfd.service - Xfce configuration service.
Jan 08 03:00:00 kali dbus-daemon[534]: [system] rejected attempt to call AddMatch by connection :1.75 (uid=1000 pid=9947 comm="/usr/bin/dumpcap --log-level MESSAGE --application" label="unconfined") with uid 1000
Jan 08 03:00:00 kali dbus-daemon[534]: [system] rejected attempt to call AddMatch by connection :1.75 (uid=1000 pid=9947 comm="/usr/bin/dumpcap --log-level MESSAGE --application" label="unconfined") with uid 1000
Jan 08 03:00:00 kali dbus-daemon[534]: [system] rejected attempt to call AddMatch by connection :1.75 (uid=1000 pid=9947 comm="/usr/bin/dumpcap --log-level MESSAGE --application" label="unconfined") with uid 1000
Jan 08 03:00:00 kali dbus-daemon[534]: [system] rejected attempt to call AddMatch by connection :1.75 (uid=1000 pid=9947 comm="/usr/bin/dumpcap --log-level MESSAGE --application" label="unconfined") with uid 1000
Jan 08 03:00:08 kali systemd[1]: systemd-hostnamed.service: Deactivated successfully.
Jan 08 03:02:25 kali kernel: e1000 0000:02:01.0 eth0: entered promiscuous mode
Jan 08 03:03:39 kali sudo[11651]:     kali : TTY=pts/0 ; PWD=/home/kali ; USER=root ; COMMAND=/usr/bin/nmap -sS 192.168.15.2
Jan 08 03:03:39 kali sudo[11651]: pam_unix(sudo:session): session opened for user root(uid=0) by kali(uid=1000)
Jan 08 03:03:39 kali sudo[11651]: pam_unix(sudo:session): session closed for user root
Jan 08 03:03:49 kali kernel: e1000 0000:02:01.0 eth0: left promiscuous mode
Jan 08 03:05:03 kali dbus-daemon[534]: [system] Activating via systemd: service name='org.freedesktop.hostname1' unit='dbus-org.freedesktop.hostname1.service' requested by ':1.68' (uid=1000 pid=2152 comm="wireshark" label="unconfined")
Jan 08 03:05:03 kali systemd[1]: Starting systemd-hostnamed.service - Hostname Service...
Jan 08 03:05:03 kali systemd[1]: Started systemd-hostnamed.service - Hostname Service.
Jan 08 03:05:03 kali dbus-daemon[534]: [system] Successfully activated service 'org.freedesktop.hostname1'
Jan 08 03:05:04 kali CRON[12359]: pam_unix(cron:session): session opened for user root(uid=0) by root(uid=0)
Jan 08 03:05:04 kali CRON[12361]: (root) CMD (command -v debian-sa1 > /dev/null && debian-sa1 1 1)
Jan 08 03:05:04 kali CRON[12359]: pam_unix(cron:session): session closed for user root
Jan 08 03:05:15 kali dbus-daemon[534]: [system] rejected attempt to call AddMatch by connection :1.77 (uid=1000 pid=12459 comm="/usr/bin/dumpcap --log-level MESSAGE --application" label="unconfined") with uid 1000
Jan 08 03:05:15 kali dbus-daemon[534]: [system] rejected attempt to call AddMatch by connection :1.77 (uid=1000 pid=12459 comm="/usr/bin/dumpcap --log-level MESSAGE --application" label="unconfined") with uid 1000
Jan 08 03:05:15 kali dbus-daemon[534]: [system] rejected attempt to call AddMatch by connection :1.77 (uid=1000 pid=12459 comm="/usr/bin/dumpcap --log-level MESSAGE --application" label="unconfined") with uid 1000
Jan 08 03:05:15 kali dbus-daemon[534]: [system] rejected attempt to call AddMatch by connection :1.77 (uid=1000 pid=12459 comm="/usr/bin/dumpcap --log-level MESSAGE --application" label="unconfined") with uid 1000
Jan 08 03:05:35 kali systemd[1]: systemd-hostnamed.service: Deactivated successfully.
Jan 08 03:05:45 kali dbus-daemon[1158]: [session uid=1000 pid=1158 pidfd=5] Activating via systemd: service name='org.xfce.Xfconf' unit='xfconfd.service' requested by ':1.30' (uid=1000 pid=1344 comm="Thunar --daemon" label="unconfined")
Jan 08 03:05:45 kali systemd[1136]: Starting xfconfd.service - Xfce configuration service...
Jan 08 03:05:45 kali dbus-daemon[1158]: [session uid=1000 pid=1158 pidfd=5] Successfully activated service 'org.xfce.Xfconf'
Jan 08 03:05:45 kali systemd[1136]: Started xfconfd.service - Xfce configuration service.
Jan 08 03:09:01 kali systemd[1]: Starting phpsessionclean.service - Clean php session files...
Jan 08 03:09:01 kali systemd[1]: phpsessionclean.service: Deactivated successfully.
Jan 08 03:09:01 kali systemd[1]: Finished phpsessionclean.service - Clean php session files.
Jan 08 03:09:03 kali CRON[14333]: pam_unix(cron:session): session opened for user root(uid=0) by root(uid=0)
Jan 08 03:09:03 kali CRON[14335]: (root) CMD (  [ -x /usr/lib/php/sessionclean ] && if [ ! -d /run/systemd/system ]; then /usr/lib/php/sessionclean; fi)
Jan 08 03:09:03 kali CRON[14333]: pam_unix(cron:session): session closed for user root
Jan 08 03:10:04 kali CRON[14802]: pam_unix(cron:session): session opened for user root(uid=0) by root(uid=0)
Jan 08 03:10:04 kali CRON[14804]: (root) CMD (test -e /run/systemd/system || SERVICE_MODE=1 /sbin/e2scrub_all -A -r)
Jan 08 03:10:04 kali CRON[14802]: pam_unix(cron:session): session closed for user root
Jan 08 03:13:47 kali NetworkManager[637]: <info>  [1767860027.6476] dhcp4 (eth0): state changed new lease, address=192.168.15.129
Jan 08 03:13:47 kali dbus-daemon[534]: [system] Activating via systemd: service name='org.freedesktop.nm_dispatcher' unit='dbus-org.freedesktop.nm-dispatcher.service' requested by ':1.6' (uid=0 pid=637 comm="/usr/sbin/NetworkManager --no-daemon" label="unconfined")
Jan 08 03:13:47 kali systemd[1]: Starting NetworkManager-dispatcher.service - Network Manager Script Dispatcher Service...
Jan 08 03:13:47 kali dbus-daemon[534]: [system] Successfully activated service 'org.freedesktop.nm_dispatcher'
Jan 08 03:13:47 kali systemd[1]: Started NetworkManager-dispatcher.service - Network Manager Script Dispatcher Service.
Jan 08 03:13:59 kali systemd[1]: NetworkManager-dispatcher.service: Deactivated successfully.
Jan 08 03:14:14 kali NetworkManager[637]: <info>  [1767860054.7194] manager: sleep: sleep requested (sleeping: no  enabled: yes)
Jan 08 03:14:14 kali NetworkManager[637]: <info>  [1767860054.7195] manager: NetworkManager state is now DISABLED (ASLEEP)
Jan 08 03:14:14 kali NetworkManager[637]: <info>  [1767860054.7197] audit: op="sleep-control" arg="on" pid=16971 uid=0 result="success"
Jan 08 03:14:14 kali NetworkManager[637]: <info>  [1767860054.7198] device (eth0): state change: activated -> deactivating (reason 'sleeping', managed-type: 'full')
Jan 08 03:14:14 kali dbus-daemon[534]: [system] Activating via systemd: service name='org.freedesktop.nm_dispatcher' unit='dbus-org.freedesktop.nm-dispatcher.service' requested by ':1.6' (uid=0 pid=637 comm="/usr/sbin/NetworkManager --no-daemon" label="unconfined")
Jan 08 03:14:14 kali systemd[1]: Starting NetworkManager-dispatcher.service - Network Manager Script Dispatcher Service...
Jan 08 03:14:14 kali dbus-daemon[534]: [system] Successfully activated service 'org.freedesktop.nm_dispatcher'
Jan 08 03:14:14 kali systemd[1]: Started NetworkManager-dispatcher.service - Network Manager Script Dispatcher Service.
Jan 08 03:14:14 kali NetworkManager[637]: <info>  [1767860054.7735] device (eth0): state change: deactivating -> disconnected (reason 'sleeping', managed-type: 'full')
Jan 08 03:14:14 kali NetworkManager[637]: <info>  [1767860054.7786] dhcp4 (eth0): canceled DHCP transaction
Jan 08 03:14:14 kali NetworkManager[637]: <info>  [1767860054.7787] dhcp4 (eth0): activation: beginning transaction (timeout in 45 seconds)
Jan 08 03:14:14 kali NetworkManager[637]: <info>  [1767860054.7787] dhcp4 (eth0): state changed no lease
Jan 08 03:14:14 kali NetworkManager[637]: <info>  [1767860054.8376] device (eth0): state change: disconnected -> unmanaged (reason 'unmanaged-nm-disabled', managed-type: 'full')
Jan 08 03:14:20 kali kernel: usb 3-2: USB disconnect, device number 3
Jan 08 03:14:21 kali NetworkManager[637]: <info>  [1767860061.1585] manager: sleep: wake requested (sleeping: yes  enabled: yes)
Jan 08 03:14:21 kali NetworkManager[637]: <info>  [1767860061.1588] device (eth0): state change: unmanaged -> unavailable (reason 'managed', managed-type: 'external')
Jan 08 03:14:21 kali NetworkManager[637]: <info>  [1767860061.1688] manager: NetworkManager state is now DISCONNECTED
Jan 08 03:14:21 kali NetworkManager[637]: <info>  [1767860061.1692] audit: op="sleep-control" arg="off" pid=17191 uid=0 result="success"
Jan 08 03:14:21 kali NetworkManager[637]: <info>  [1767860061.1795] device (eth0): carrier: link connected
Jan 08 03:14:21 kali kernel: e1000: eth0 NIC Link is Up 1000 Mbps Full Duplex, Flow Control: None
Jan 08 03:14:21 kali NetworkManager[637]: <info>  [1767860061.1799] device (eth0): state change: unavailable -> disconnected (reason 'carrier-changed', managed-type: 'full')
Jan 08 03:14:21 kali NetworkManager[637]: <info>  [1767860061.1879] policy: auto-activating connection 'Wired connection 1' (0c48c281-30d3-3fab-a68f-f4231d386a5a)
Jan 08 03:14:21 kali NetworkManager[637]: <info>  [1767860061.1887] device (eth0): Activation: starting connection 'Wired connection 1' (0c48c281-30d3-3fab-a68f-f4231d386a5a)
Jan 08 03:14:21 kali NetworkManager[637]: <info>  [1767860061.1888] device (eth0): state change: disconnected -> prepare (reason 'none', managed-type: 'full')
Jan 08 03:14:21 kali NetworkManager[637]: <info>  [1767860061.1891] manager: NetworkManager state is now CONNECTING
Jan 08 03:14:21 kali NetworkManager[637]: <info>  [1767860061.1892] device (eth0): state change: prepare -> config (reason 'none', managed-type: 'full')
Jan 08 03:14:21 kali NetworkManager[637]: <info>  [1767860061.1920] device (eth0): state change: config -> ip-config (reason 'none', managed-type: 'full')
Jan 08 03:14:21 kali NetworkManager[637]: <info>  [1767860061.1987] dhcp4 (eth0): activation: beginning transaction (timeout in 45 seconds)
Jan 08 03:14:21 kali NetworkManager[637]: <info>  [1767860061.2001] dhcp4 (eth0): state changed new lease, address=192.168.15.129, acd pending
Jan 08 03:14:21 kali dbus-daemon[534]: [system] Activating via systemd: service name='org.freedesktop.Avahi' unit='dbus-org.freedesktop.Avahi.service' requested by ':1.86' (uid=985 pid=17097 comm="/usr/libexec/colord-sane" label="unconfined")
Jan 08 03:14:21 kali dbus-daemon[534]: [system] Activation via systemd failed for unit 'dbus-org.freedesktop.Avahi.service': Unit dbus-org.freedesktop.Avahi.service not found.
Jan 08 03:14:21 kali dbus-daemon[534]: [system] Activating via systemd: service name='org.freedesktop.Avahi' unit='dbus-org.freedesktop.Avahi.service' requested by ':1.87' (uid=985 pid=17097 comm="/usr/libexec/colord-sane" label="unconfined")
Jan 08 03:14:21 kali dbus-daemon[534]: [system] Activation via systemd failed for unit 'dbus-org.freedesktop.Avahi.service': Unit dbus-org.freedesktop.Avahi.service not found.
Jan 08 03:14:21 kali kernel: usb 3-3.1: new full-speed USB device number 6 using xhci_hcd
Jan 08 03:14:21 kali kernel: usb 3-3.1: New USB device found, idVendor=0e0f, idProduct=0006, bcdDevice= 1.00
Jan 08 03:14:21 kali kernel: usb 3-3.1: New USB device strings: Mfr=1, Product=2, SerialNumber=0
Jan 08 03:14:21 kali kernel: usb 3-3.1: Product: VMware Virtual USB Keyboard
Jan 08 03:14:21 kali kernel: usb 3-3.1: Manufacturer: VMware
Jan 08 03:14:21 kali kernel: input: VMware VMware Virtual USB Keyboard as /devices/pci0000:00/0000:00:15.0/0000:03:00.0/usb3/3-3/3-3.1/3-3.1:1.0/0003:0E0F:0006.0003/input/input8
Jan 08 03:14:21 kali NetworkManager[637]: <info>  [1767860061.3759] dhcp4 (eth0): state changed new lease, address=192.168.15.129
Jan 08 03:14:21 kali NetworkManager[637]: <info>  [1767860061.3780] policy: set 'Wired connection 1' (eth0) as default for IPv4 routing and DNS
Jan 08 03:14:21 kali NetworkManager[637]: <info>  [1767860061.6340] device (eth0): state change: ip-config -> ip-check (reason 'none', managed-type: 'full')
Jan 08 03:14:21 kali NetworkManager[637]: <info>  [1767860061.6400] device (eth0): state change: ip-check -> secondaries (reason 'none', managed-type: 'full')
Jan 08 03:14:21 kali NetworkManager[637]: <info>  [1767860061.6403] device (eth0): state change: secondaries -> activated (reason 'none', managed-type: 'full')
Jan 08 03:14:21 kali NetworkManager[637]: <info>  [1767860061.6409] manager: NetworkManager state is now CONNECTED_SITE
Jan 08 03:14:21 kali NetworkManager[637]: <info>  [1767860061.6416] device (eth0): Activation: successful, device activated.
Jan 08 03:14:21 kali NetworkManager[637]: <info>  [1767860061.6426] manager: NetworkManager state is now CONNECTED_GLOBAL
Jan 08 03:14:21 kali kernel: hid-generic 0003:0E0F:0006.0003: input,hidraw1: USB HID v1.10 Keyboard [VMware VMware Virtual USB Keyboard] on usb-0000:03:00.0-3.1/input0
Jan 08 03:14:21 kali mtp-probe[17199]: checking bus 3, device 6: "/sys/devices/pci0000:00/0000:00:15.0/0000:03:00.0/usb3/3-3/3-3.1"
Jan 08 03:14:21 kali mtp-probe[17199]: bus: 3, device: 6 was not an MTP device
Jan 08 03:14:21 kali systemd-logind[561]: Watching system buttons on /dev/input/event5 (VMware VMware Virtual USB Keyboard)
Jan 08 03:14:21 kali mtp-probe[17218]: checking bus 3, device 6: "/sys/devices/pci0000:00/0000:00:15.0/0000:03:00.0/usb3/3-3/3-3.1"
Jan 08 03:14:21 kali mtp-probe[17218]: bus: 3, device: 6 was not an MTP device
Jan 08 03:14:21 kali dbus-daemon[534]: [system] Activating via systemd: service name='org.freedesktop.Avahi' unit='dbus-org.freedesktop.Avahi.service' requested by ':1.89' (uid=985 pid=17200 comm="/usr/libexec/colord-sane" label="unconfined")
Jan 08 03:14:21 kali dbus-daemon[534]: [system] Activation via systemd failed for unit 'dbus-org.freedesktop.Avahi.service': Unit dbus-org.freedesktop.Avahi.service not found.
Jan 08 03:14:21 kali dbus-daemon[534]: [system] Activating via systemd: service name='org.freedesktop.Avahi' unit='dbus-org.freedesktop.Avahi.service' requested by ':1.90' (uid=985 pid=17200 comm="/usr/libexec/colord-sane" label="unconfined")
Jan 08 03:14:21 kali dbus-daemon[534]: [system] Activation via systemd failed for unit 'dbus-org.freedesktop.Avahi.service': Unit dbus-org.freedesktop.Avahi.service not found.
